build/app/intermediates/manifest_merge_blame_file/release/manifest-merger-blame-release-report.txt
1<?xml version="1.0" encoding="utf-8"?>
2<manifest xmlns:android="http://schemas.android.com/apk/res/android"
3    package="com.kruziik.qmanager"
4    android:versionCode="4"
5    android:versionName="1.0.3" >
6
7    <uses-sdk
8        android:minSdkVersion="16"
8-->src/main/AndroidManifest.xml
9        android:targetSdkVersion="29" />
9-->src/main/AndroidManifest.xml
10    <!--
11         io.flutter.app.FlutterApplication is an android.app.Application that
12         calls FlutterMain.startInitialization(this); in its onCreate method.
13         In most cases you can leave this as-is, but you if you want to provide
14         additional functionality it is fine to subclass or reimplement
15         FlutterApplication and put your custom class here.
16    -->
17    <uses-permission android:name="android.permission.INTERNET" />
17-->src/main/AndroidManifest.xml:8:5-67
17-->src/main/AndroidManifest.xml:8:22-64
18    <uses-permission android:name="android.permission.ACCESS_NETWORK_STATE" />
18-->src/main/AndroidManifest.xml:9:5-79
18-->src/main/AndroidManifest.xml:9:22-76
19    <uses-permission android:name="android.permission.RECEIVE_BOOT_COMPLETED" />
19-->[:flutter_local_notifications] AndroidManifest.xml:7:5-81
19-->[:flutter_local_notifications] AndroidManifest.xml:7:22-78
20    <uses-permission android:name="android.permission.VIBRATE" />
20-->[:flutter_local_notifications] AndroidManifest.xml:8:5-66
20-->[:flutter_local_notifications] AndroidManifest.xml:8:22-63
21    <uses-permission android:name="android.permission.USE_FULL_SCREEN_INTENT" />
21-->[:flutter_local_notifications] AndroidManifest.xml:9:5-81
21-->[:flutter_local_notifications] AndroidManifest.xml:9:22-78
22    <uses-permission android:name="android.permission.ACCESS_WIFI_STATE" />
22-->[:connectivity] AndroidManifest.xml:8:5-76
22-->[:connectivity] AndroidManifest.xml:8:22-73
23    <uses-permission android:name="android.permission.CAMERA" />
23-->[:qrscan] AndroidManifest.xml:7:5-65
23-->[:qrscan] AndroidManifest.xml:7:22-62
24    <uses-permission android:name="android.permission.FLASHLIGHT" />
24-->[:qrscan] AndroidManifest.xml:9:5-69
24-->[:qrscan] AndroidManifest.xml:9:22-66
25
26    <uses-feature android:name="android.hardware.camera" />
26-->[:qrscan] AndroidManifest.xml:11:5-60
26-->[:qrscan] AndroidManifest.xml:11:19-57
27    <uses-feature android:name="android.hardware.camera.autofocus" />
27-->[:qrscan] AndroidManifest.xml:12:5-70
27-->[:qrscan] AndroidManifest.xml:12:19-67
28
29    <uses-permission android:name="android.permission.WAKE_LOCK" />
29-->[:qrscan] AndroidManifest.xml:14:5-68
29-->[:qrscan] AndroidManifest.xml:14:22-65
30    <uses-permission android:name="android.permission.READ_EXTERNAL_STORAGE" />
30-->[:qrscan] AndroidManifest.xml:15:5-80
30-->[:qrscan] AndroidManifest.xml:15:22-77
31    <uses-permission android:name="android.permission.WRITE_EXTERNAL_STORAGE" /> <!-- Required by older versions of Google Play services to create IID tokens -->
31-->[:qrscan] AndroidManifest.xml:16:5-81
31-->[:qrscan] AndroidManifest.xml:16:22-78
32    <uses-permission android:name="com.google.android.c2dm.permission.RECEIVE" />
32-->[com.google.firebase:firebase-iid:20.0.1] AndroidManifest.xml:26:5-82
32-->[com.google.firebase:firebase-iid:20.0.1] AndroidManifest.xml:26:22-79
33
34    <application
34-->src/main/AndroidManifest.xml:10:5-54:19
35        android:name="io.flutter.app.FlutterApplication"
35-->src/main/AndroidManifest.xml:11:9-57
36        android:allowBackup="true"
36-->[:qrscan] AndroidManifest.xml:20:9-35
37        android:appComponentFactory="androidx.core.app.CoreComponentFactory"
37-->[androidx.core:core:1.3.0] AndroidManifest.xml:24:18-86
38        android:configChanges="orientation|keyboardHidden"
38-->[:qrscan] AndroidManifest.xml:21:9-59
39        android:icon="@mipmap/ic_launcher"
39-->src/main/AndroidManifest.xml:13:9-43
40        android:label="Q Manager"
40-->src/main/AndroidManifest.xml:12:9-34
41        android:screenOrientation="portrait"
41-->[:qrscan] AndroidManifest.xml:23:9-45
42        android:supportsRtl="true"
42-->[:qrscan] AndroidManifest.xml:24:9-35
43        android:theme="@style/Theme.AppCompat.NoActionBar"
43-->[:qrscan] AndroidManifest.xml:25:9-59
44        android:windowSoftInputMode="stateAlwaysHidden" >
44-->[:qrscan] AndroidManifest.xml:26:9-56
45        <activity
45-->src/main/AndroidManifest.xml:14:9-48:20
46            android:name="com.tobeu.qmanager.MainActivity"
46-->src/main/AndroidManifest.xml:15:13-41
47            android:configChanges="orientation|keyboardHidden|keyboard|screenSize|smallestScreenSize|locale|layoutDirection|fontScale|screenLayout|density|uiMode"
47-->src/main/AndroidManifest.xml:18:13-163
48            android:hardwareAccelerated="true"
48-->src/main/AndroidManifest.xml:19:13-47
49            android:launchMode="singleTop"
49-->src/main/AndroidManifest.xml:16:13-43
50            android:theme="@style/LaunchTheme"
50-->src/main/AndroidManifest.xml:17:13-47
51            android:windowSoftInputMode="adjustResize" >
51-->src/main/AndroidManifest.xml:20:13-55
52
53            <!--
54                 Specifies an Android theme to apply to this Activity as soon as
55                 the Android process has started. This theme is visible to the user
56                 while the Flutter UI initializes. After that, this theme continues
57                 to determine the Window background behind the Flutter UI.
58            -->
59            <meta-data
59-->src/main/AndroidManifest.xml:25:13-28:17
60                android:name="io.flutter.embedding.android.NormalTheme"
60-->src/main/AndroidManifest.xml:26:15-70
61                android:resource="@style/NormalTheme" />
61-->src/main/AndroidManifest.xml:27:15-52
62            <!--
63                 Displays an Android View that continues showing the launch screen
64                 Drawable until Flutter paints its first frame, then this splash
65                 screen fades out. A splash screen is useful to avoid any visual
66                 gap between the end of Android's launch screen and the painting of
67                 Flutter's first frame.
68            -->
69            <!--
70              <meta-data
71              android:name="io.flutter.embedding.android.SplashScreenDrawable"
72              android:resource="@drawable/launch_background"
73              />
74            -->
75            <intent-filter>
75-->src/main/AndroidManifest.xml:38:13-41:29
76                <action android:name="android.intent.action.MAIN" />
76-->src/main/AndroidManifest.xml:39:17-68
76-->src/main/AndroidManifest.xml:39:25-66
77
78                <category android:name="android.intent.category.LAUNCHER" />
78-->src/main/AndroidManifest.xml:40:17-76
78-->src/main/AndroidManifest.xml:40:27-74
79            </intent-filter>
80            <intent-filter>
80-->src/main/AndroidManifest.xml:43:13-46:29
81                <action android:name="FLUTTER_NOTIFICATION_CLICK" />
81-->src/main/AndroidManifest.xml:44:17-69
81-->src/main/AndroidManifest.xml:44:25-66
82
83                <category android:name="android.intent.category.DEFAULT" />
83-->src/main/AndroidManifest.xml:45:17-76
83-->src/main/AndroidManifest.xml:45:27-73
84            </intent-filter>
85        </activity>
86        <!--
87             Don't delete the meta-data below.
88             This is used by the Flutter tool to generate GeneratedPluginRegistrant.java
89        -->
90        <meta-data
90-->src/main/AndroidManifest.xml:51:9-53:33
91            android:name="flutterEmbedding"
91-->src/main/AndroidManifest.xml:52:13-44
92            android:value="2" />
92-->src/main/AndroidManifest.xml:53:13-30
93
94        <service android:name="io.flutter.plugins.firebasemessaging.FlutterFirebaseMessagingService" >
94-->[:firebase_messaging] AndroidManifest.xml:8:9-12:19
94-->[:firebase_messaging] AndroidManifest.xml:8:18-101
95            <intent-filter>
95-->[:firebase_messaging] AndroidManifest.xml:9:13-11:29
96                <action android:name="com.google.firebase.MESSAGING_EVENT" />
96-->[:firebase_messaging] AndroidManifest.xml:10:17-78
96-->[:firebase_messaging] AndroidManifest.xml:10:25-75
97            </intent-filter>
98        </service>
99        <service
99-->[:firebase_messaging] AndroidManifest.xml:13:9-17:19
100            android:name="com.google.firebase.components.ComponentDiscoveryService"
100-->[:firebase_messaging] AndroidManifest.xml:13:18-89
101            android:directBootAware="true"
101-->[com.google.firebase:firebase-common:19.2.0] AndroidManifest.xml:15:13-43
102            android:exported="false" >
102-->[com.google.firebase:firebase-iid:20.0.1] AndroidManifest.xml:31:13-37
103            <meta-data
103-->[:firebase_messaging] AndroidManifest.xml:14:13-16:85
104                android:name="com.google.firebase.components:io.flutter.plugins.firebasemessaging.FlutterFirebaseAppRegistrar"
104-->[:firebase_messaging] AndroidManifest.xml:15:17-127
105                android:value="com.google.firebase.components.ComponentRegistrar" />
105-->[:firebase_messaging] AndroidManifest.xml:16:17-82
106            <meta-data
106-->[com.google.firebase:firebase-iid:20.0.1] AndroidManifest.xml:32:13-34:85
107                android:name="com.google.firebase.components:com.google.firebase.iid.Registrar"
107-->[com.google.firebase:firebase-iid:20.0.1] AndroidManifest.xml:33:17-96
108                android:value="com.google.firebase.components.ComponentRegistrar" />
108-->[com.google.firebase:firebase-iid:20.0.1] AndroidManifest.xml:34:17-82
109        </service>
110        <!--
111             FirebaseMessagingService performs security checks at runtime,
112             but set to not exported to explicitly avoid allowing another app to call it.
113        -->
114        <service
114-->[com.google.firebase:firebase-messaging:20.0.1] AndroidManifest.xml:28:9-34:19
115            android:name="com.google.firebase.messaging.FirebaseMessagingService"
115-->[com.google.firebase:firebase-messaging:20.0.1] AndroidManifest.xml:29:13-82
116            android:exported="false" >
116-->[com.google.firebase:firebase-messaging:20.0.1] AndroidManifest.xml:30:13-37
117            <intent-filter android:priority="-500" >
117-->[:firebase_messaging] AndroidManifest.xml:9:13-11:29
118                <action android:name="com.google.firebase.MESSAGING_EVENT" />
118-->[:firebase_messaging] AndroidManifest.xml:10:17-78
118-->[:firebase_messaging] AndroidManifest.xml:10:25-75
119            </intent-filter>
120        </service>
121
122        <activity
122-->[:url_launcher] AndroidManifest.xml:8:9-11:74
123            android:name="io.flutter.plugins.urllauncher.WebViewActivity"
123-->[:url_launcher] AndroidManifest.xml:9:13-74
124            android:exported="false"
124-->[:url_launcher] AndroidManifest.xml:10:13-37
125            android:theme="@android:style/Theme.NoTitleBar.Fullscreen" />
125-->[:url_launcher] AndroidManifest.xml:11:13-71
126
127        <receiver android:name="com.dexterous.flutterlocalnotifications.ScheduledNotificationReceiver" />
127-->[:flutter_local_notifications] AndroidManifest.xml:12:9-106
127-->[:flutter_local_notifications] AndroidManifest.xml:12:19-103
128        <receiver android:name="com.dexterous.flutterlocalnotifications.ScheduledNotificationBootReceiver" >
128-->[:flutter_local_notifications] AndroidManifest.xml:13:9-20:20
128-->[:flutter_local_notifications] AndroidManifest.xml:13:19-107
129            <intent-filter>
129-->[:flutter_local_notifications] AndroidManifest.xml:14:13-19:29
130                <action android:name="android.intent.action.BOOT_COMPLETED" />
130-->[:flutter_local_notifications] AndroidManifest.xml:15:17-79
130-->[:flutter_local_notifications] AndroidManifest.xml:15:25-76
131                <action android:name="android.intent.action.MY_PACKAGE_REPLACED" />
131-->[:flutter_local_notifications] AndroidManifest.xml:16:17-84
131-->[:flutter_local_notifications] AndroidManifest.xml:16:25-81
132                <action android:name="android.intent.action.QUICKBOOT_POWERON" />
132-->[:flutter_local_notifications] AndroidManifest.xml:17:17-82
132-->[:flutter_local_notifications] AndroidManifest.xml:17:25-79
133                <action android:name="com.htc.intent.action.QUICKBOOT_POWERON" />
133-->[:flutter_local_notifications] AndroidManifest.xml:18:17-82
133-->[:flutter_local_notifications] AndroidManifest.xml:18:25-79
134            </intent-filter>
135        </receiver>
136
137        <activity android:name="com.shinow.qrscan.SecondActivity" />
137-->[:qrscan] AndroidManifest.xml:27:9-69
137-->[:qrscan] AndroidManifest.xml:27:19-66
138
139        <provider
139-->[:image_picker] AndroidManifest.xml:11:9-19:20
140            android:name="io.flutter.plugins.imagepicker.ImagePickerFileProvider"
140-->[:image_picker] AndroidManifest.xml:12:13-82
141            android:authorities="com.kruziik.qmanager.flutter.image_provider"
141-->[:image_picker] AndroidManifest.xml:13:13-74
142            android:exported="false"
142-->[:image_picker] AndroidManifest.xml:14:13-37
143            android:grantUriPermissions="true" >
143-->[:image_picker] AndroidManifest.xml:15:13-47
144            <meta-data
144-->[:image_picker] AndroidManifest.xml:16:13-18:75
145                android:name="android.support.FILE_PROVIDER_PATHS"
145-->[:image_picker] AndroidManifest.xml:17:17-67
146                android:resource="@xml/flutter_image_picker_file_paths" />
146-->[:image_picker] AndroidManifest.xml:18:17-72
147        </provider>
148
149        <receiver
149-->[com.google.firebase:firebase-iid:20.0.1] AndroidManifest.xml:37:9-44:20
150            android:name="com.google.firebase.iid.FirebaseInstanceIdReceiver"
150-->[com.google.firebase:firebase-iid:20.0.1] AndroidManifest.xml:38:13-78
151            android:exported="true"
151-->[com.google.firebase:firebase-iid:20.0.1] AndroidManifest.xml:39:13-36
152            android:permission="com.google.android.c2dm.permission.SEND" >
152-->[com.google.firebase:firebase-iid:20.0.1] AndroidManifest.xml:40:13-73
153            <intent-filter>
153-->[com.google.firebase:firebase-iid:20.0.1] AndroidManifest.xml:41:13-43:29
154                <action android:name="com.google.android.c2dm.intent.RECEIVE" />
154-->[com.google.firebase:firebase-iid:20.0.1] AndroidManifest.xml:42:17-81
154-->[com.google.firebase:firebase-iid:20.0.1] AndroidManifest.xml:42:25-78
155            </intent-filter>
156        </receiver>
157
158        <provider
158-->[com.google.firebase:firebase-common:19.2.0] AndroidManifest.xml:19:9-23:39
159            android:name="com.google.firebase.provider.FirebaseInitProvider"
159-->[com.google.firebase:firebase-common:19.2.0] AndroidManifest.xml:20:13-77
160            android:authorities="com.kruziik.qmanager.firebaseinitprovider"
160-->[com.google.firebase:firebase-common:19.2.0] AndroidManifest.xml:21:13-72
161            android:exported="false"
161-->[com.google.firebase:firebase-common:19.2.0] AndroidManifest.xml:22:13-37
162            android:initOrder="100" />
162-->[com.google.firebase:firebase-common:19.2.0] AndroidManifest.xml:23:13-36
163
164        <activity
164-->[com.google.android.gms:play-services-base:17.0.0] AndroidManifest.xml:23:9-26:75
165            android:name="com.google.android.gms.common.api.GoogleApiActivity"
165-->[com.google.android.gms:play-services-base:17.0.0] AndroidManifest.xml:24:13-79
166            android:exported="false"
166-->[com.google.android.gms:play-services-base:17.0.0] AndroidManifest.xml:25:13-37
167            android:theme="@android:style/Theme.Translucent.NoTitleBar" />
167-->[com.google.android.gms:play-services-base:17.0.0] AndroidManifest.xml:26:13-72
168
169        <meta-data
169-->[com.google.android.gms:play-services-basement:17.0.0] AndroidManifest.xml:23:9-25:69
170            android:name="com.google.android.gms.version"
170-->[com.google.android.gms:play-services-basement:17.0.0] AndroidManifest.xml:24:13-58
171            android:value="@integer/google_play_services_version" />
171-->[com.google.android.gms:play-services-basement:17.0.0] AndroidManifest.xml:25:13-66
172
173        <activity
173-->[com.github.leyan95:android-zxingLibrary:0.1.2-PRE] AndroidManifest.xml:14:9-19:63
174            android:name="com.uuzuche.lib_zxing.activity.CaptureActivity"
174-->[com.github.leyan95:android-zxingLibrary:0.1.2-PRE] AndroidManifest.xml:15:13-74
175            android:configChanges="orientation|keyboardHidden"
175-->[com.github.leyan95:android-zxingLibrary:0.1.2-PRE] AndroidManifest.xml:16:13-63
176            android:screenOrientation="portrait"
176-->[com.github.leyan95:android-zxingLibrary:0.1.2-PRE] AndroidManifest.xml:17:13-49
177            android:theme="@style/Theme.AppCompat.NoActionBar"
177-->[com.github.leyan95:android-zxingLibrary:0.1.2-PRE] AndroidManifest.xml:18:13-63
178            android:windowSoftInputMode="stateAlwaysHidden" />
178-->[com.github.leyan95:android-zxingLibrary:0.1.2-PRE] AndroidManifest.xml:19:13-60
179
180        <provider
180-->[com.squareup.picasso:picasso:2.71828] AndroidManifest.xml:8:9-11:40
181            android:name="com.squareup.picasso.PicassoProvider"
181-->[com.squareup.picasso:picasso:2.71828] AndroidManifest.xml:9:13-64
182            android:authorities="com.kruziik.qmanager.com.squareup.picasso"
182-->[com.squareup.picasso:picasso:2.71828] AndroidManifest.xml:10:13-72
183            android:exported="false" />
183-->[com.squareup.picasso:picasso:2.71828] AndroidManifest.xml:11:13-37
184    </application>
185
186</manifest>